<?xml version="1.0" encoding="UTF-8"?>
<!-- Generated by org.testng.reporters.JUnitXMLReporter -->
<testsuite hostname="Babek-Chalabi" ignored="0" name="Login Page Test " tests="10" failures="1" timestamp="23 Jan 2019 18:41:59 GMT" time="0.047" errors="0">
  <testcase name="loginTestWithCorreentCredencials" time="0.0" classname="testNGGroupID.testNG.loginTest"/>
  <testcase name="loginTestWithWrongCredencials" time="0.015" classname="testNGGroupID.testNG.loginTest"/>
  <testcase name="emailTest2" time="0.0" classname="testNGGroupID.testNG.RegistrationTest">
    <failure type="junit.framework.ComparisonFailure" message="expected:&amp;lt;Babek&amp;gt; but was:&amp;lt;John&amp;gt;">
      <![CDATA[junit.framework.ComparisonFailure: expected:<Babek> but was:<John>
at junit.framework.Assert.assertEquals(Assert.java:81)
at junit.framework.Assert.assertEquals(Assert.java:87)
at testNGGroupID.testNG.RegistrationTest.emailTest2(RegistrationTest.java:33)
... Removed 25 stack frames]]>
    </failure>
  </testcase> <!-- emailTest2 -->
  <testcase name="phoneTest4" time="0.0" classname="testNGGroupID.testNG.RegistrationTest">
    <skipped/>
  </testcase> <!-- phoneTest4 -->
  <testcase name="emailTest3" time="0.0" classname="testNGGroupID.testNG.RegistrationTest">
    <skipped/>
  </testcase> <!-- emailTest3 -->
  <testcase name="phoneTest3" time="0.0" classname="testNGGroupID.testNG.RegistrationTest"/>
  <testcase name="emailTest4" time="0.0" classname="testNGGroupID.testNG.RegistrationTest"/>
  <testcase name="phoneTest1" time="0.0" classname="testNGGroupID.testNG.RegistrationTest"/>
  <testcase name="emailTest1" time="0.0" classname="testNGGroupID.testNG.RegistrationTest">
    <skipped/>
  </testcase> <!-- emailTest1 -->
  <testcase name="phoneTest2" time="0.0" classname="testNGGroupID.testNG.RegistrationTest"/>
</testsuite> <!-- Login Page Test  -->
