<?xml version="1.0" encoding="UTF-8"?>
<!-- Generated by org.testng.reporters.JUnitXMLReporter -->
<testsuite hostname="Babek-Chalabi" ignored="0" name="Registration  " tests="2" failures="1" timestamp="23 Jan 2019 19:17:34 GMT" time="0.029" errors="0">
  <testcase name="logingTestWithCorrectCredentials" time="0.0" classname="testNGGroupID.testNG.LoginLogout">
    <failure type="org.testng.TestNGException" message="
Cannot inject @Test annotated Method [logingTestWithCorrectCredentials] with [class java.lang.String, class java.lang.String].
For more information on native dependency injection please refer to http://testng.org/doc/documentation-main.html#native-dependency-injection">
      <![CDATA[org.testng.TestNGException: 
Cannot inject @Test annotated Method [logingTestWithCorrectCredentials] with [class java.lang.String, class java.lang.String].
For more information on native dependency injection please refer to http://testng.org/doc/documentation-main.html#native-dependency-injection
... Removed 24 stack frames]]>
    </failure>
  </testcase> <!-- logingTestWithCorrectCredentials -->
  <testcase name="myTestCase" time="0.002" classname="testNGGroupID.testNG.LoginLogout"/>
</testsuite> <!-- Registration   -->
